  Source.cpp
C:\Users\hisha\source\repos\ShaderModule\ShaderModule\Source.cpp(246,1): warning C4244: '+=': conversion from 'genType' to 'T', possible loss of data
          with
          [
              genType=double
          ]
          and
          [
              T=float
          ]
C:\Users\hisha\source\repos\ShaderModule\ShaderModule\Source.cpp(250,1): warning C4244: '-=': conversion from 'genType' to 'T', possible loss of data
          with
          [
              genType=double
          ]
          and
          [
              T=float
          ]
C:\Users\hisha\source\repos\ShaderModule\ShaderModule\Source.cpp(255,1): warning C4244: '+=': conversion from 'genType' to 'T', possible loss of data
          with
          [
              genType=double
          ]
          and
          [
              T=float
          ]
C:\Users\hisha\source\repos\ShaderModule\ShaderModule\Source.cpp(260,1): warning C4244: '-=': conversion from 'genType' to 'T', possible loss of data
          with
          [
              genType=double
          ]
          and
          [
              T=float
          ]
C:\Users\hisha\source\repos\ShaderModule\ShaderModule\Source.cpp(265,1): warning C4244: '+=': conversion from 'genType' to 'T', possible loss of data
          with
          [
              genType=double
          ]
          and
          [
              T=float
          ]
C:\Users\hisha\source\repos\ShaderModule\ShaderModule\Source.cpp(270,1): warning C4244: '-=': conversion from 'genType' to 'T', possible loss of data
          with
          [
              genType=double
          ]
          and
          [
              T=float
          ]
C:\Users\hisha\source\repos\ShaderModule\ShaderModule\Source.cpp(274,1): warning C4305: '-=': truncation from 'double' to 'float'
C:\Users\hisha\source\repos\ShaderModule\ShaderModule\Source.cpp(277,1): warning C4305: '+=': truncation from 'double' to 'float'
  ShaderModule.vcxproj -> C:\Users\hisha\source\repos\ShaderModule\x64\Debug\ShaderModule.exe
